#
# There is insufficient memory for the Java Runtime Environment to continue.
# Native memory allocation (malloc) failed to allocate 111696 bytes for Chunk::new
# Possible reasons:
#   The system is out of physical RAM or swap space
#   The process is running with CompressedOops enabled, and the Java Heap may be blocking the growth of the native heap
# Possible solutions:
#   Reduce memory load on the system
#   Increase physical memory or swap space
#   Check if swap backing store is full
#   Decrease Java heap size (-Xmx/-Xms)
#   Decrease number of Java threads
#   Decrease Java thread stack sizes (-Xss)
#   Set larger code cache with -XX:ReservedCodeCacheSize=
#   JVM is running with Zero Based Compressed Oops mode in which the Java heap is
#     placed in the first 32GB address space. The Java Heap base address is the
#     maximum limit for the native heap growth. Please use -XX:HeapBaseMinAddress
#     to set the Java Heap base and to place the Java Heap above 32GB virtual address.
# This output file may be truncated or incomplete.
#
#  Out of Memory Error (./src/hotspot/share/memory/arena.cpp:197), pid=6820, tid=13428
#
# JRE version: OpenJDK Runtime Environment OpenLogic-OpenJDK (11.0.18+10) (build 11.0.18+10-adhoc..jdk11u)
# Java VM: OpenJDK 64-Bit Server VM OpenLogic-OpenJDK (11.0.18+10-adhoc..jdk11u, mixed mode, tiered, compressed oops, g1 gc, windows-amd64)
# Core dump will be written. Default location: C:\Infinity23\Tomcat 9.0\webapps\ATAF_Demo\hs_err_pid6820.mdmp
#

---------------  S U M M A R Y ------------

Command Line: -Dclassworlds.conf=C:\Program Files\Maven\apache-maven-3.9.6\bin\m2.conf -Dmaven.home=C:\Program Files\Maven\apache-maven-3.9.6 -Dlibrary.jansi.path=C:\Program Files\Maven\apache-maven-3.9.6\lib\jansi-native -Dmaven.multiModuleProjectDirectory=C:\Infinity23\Tomcat 9.0\webapps\ATAF_Demo org.codehaus.plexus.classworlds.launcher.Launcher clean install -Dcucumber.options=--tags @smoke

Host: Intel(R) Xeon(R) Platinum 8272CL CPU @ 2.60GHz, 4 cores, 15G,  Windows Server 2019 , 64 bit Build 17763 (10.0.17763.4974)
Time: Fri Mar  8 19:56:03 2024 India Standard Time elapsed time: 1.628938 seconds (0d 0h 0m 1s)

---------------  T H R E A D  ---------------

Current thread (0x000001a586ad2800):  JavaThread "C2 CompilerThread0" daemon [_thread_in_native, id=13428, stack(0x0000009c07f00000,0x0000009c08000000)]


Current CompileTask:
C2:   1629 1282       4       java.lang.String::replace (42 bytes)

Stack: [0x0000009c07f00000,0x0000009c08000000]
Native frames: (J=compiled Java code, j=interpreted, Vv=VM code, C=native code)
V  [jvm.dll+0x61e0ba]
V  [jvm.dll+0x75b0b9]
V  [jvm.dll+0x75c7a8]
V  [jvm.dll+0x75ce83]
V  [jvm.dll+0x24de78]
V  [jvm.dll+0xc146c]
V  [jvm.dll+0xc1a2c]
V  [jvm.dll+0x359997]
V  [jvm.dll+0x325d73]
V  [jvm.dll+0x3250aa]
V  [jvm.dll+0x2072a3]
V  [jvm.dll+0x2063fd]
V  [jvm.dll+0x187e91]
V  [jvm.dll+0x215b84]
V  [jvm.dll+0x213dcb]
V  [jvm.dll+0x71dd50]
V  [jvm.dll+0x716c84]
V  [jvm.dll+0x61cf25]
C  [ucrtbase.dll+0x2268a]
C  [KERNEL32.DLL+0x17ac4]
C  [ntdll.dll+0x5a4e1]


---------------  P R O C E S S  ---------------

Threads class SMR info:
_java_thread_list=0x000001a587694c70, length=11, elements={
0x000001a5df472800, 0x000001a586abe000, 0x000001a586ac7800, 0x000001a586b20000,
0x000001a586b21800, 0x000001a586b23000, 0x000001a586ad2800, 0x000001a586ad4000,
0x000001a586b2f000, 0x000001a586cba000, 0x000001a587569000
}

Java Threads: ( => current thread )
  0x000001a5df472800 JavaThread "main" [_thread_blocked, id=13888, stack(0x0000009c07300000,0x0000009c07400000)]
  0x000001a586abe000 JavaThread "Reference Handler" daemon [_thread_blocked, id=13440, stack(0x0000009c07a00000,0x0000009c07b00000)]
  0x000001a586ac7800 JavaThread "Finalizer" daemon [_thread_blocked, id=13348, stack(0x0000009c07b00000,0x0000009c07c00000)]
  0x000001a586b20000 JavaThread "Signal Dispatcher" daemon [_thread_blocked, id=13516, stack(0x0000009c07c00000,0x0000009c07d00000)]
  0x000001a586b21800 JavaThread "Attach Listener" daemon [_thread_blocked, id=11496, stack(0x0000009c07d00000,0x0000009c07e00000)]
  0x000001a586b23000 JavaThread "Service Thread" daemon [_thread_blocked, id=9708, stack(0x0000009c07e00000,0x0000009c07f00000)]
=>0x000001a586ad2800 JavaThread "C2 CompilerThread0" daemon [_thread_in_native, id=13428, stack(0x0000009c07f00000,0x0000009c08000000)]
  0x000001a586ad4000 JavaThread "C1 CompilerThread0" daemon [_thread_blocked, id=8572, stack(0x0000009c08000000,0x0000009c08100000)]
  0x000001a586b2f000 JavaThread "Sweeper thread" daemon [_thread_blocked, id=13636, stack(0x0000009c08100000,0x0000009c08200000)]
  0x000001a586cba000 JavaThread "Common-Cleaner" daemon [_thread_blocked, id=12064, stack(0x0000009c08300000,0x0000009c08400000)]
  0x000001a587569000 JavaThread "C2 CompilerThread1" daemon [_thread_blocked, id=13932, stack(0x0000009c08800000,0x0000009c08900000)]

Other Threads:
  0x000001a586a85800 VMThread "VM Thread" [stack: 0x0000009c07900000,0x0000009c07a00000] [id=5192]
  0x000001a586c90800 WatcherThread [stack: 0x0000009c08200000,0x0000009c08300000] [id=13228]
  0x000001a5df48a800 GCTaskThread "GC Thread#0" [stack: 0x0000009c07400000,0x0000009c07500000] [id=4132]
  0x000001a58768e800 GCTaskThread "GC Thread#1" [stack: 0x0000009c08500000,0x0000009c08600000] [id=4440]
  0x000001a5876e6000 GCTaskThread "GC Thread#2" [stack: 0x0000009c08600000,0x0000009c08700000] [id=9068]
  0x000001a587687800 GCTaskThread "GC Thread#3" [stack: 0x0000009c08700000,0x0000009c08800000] [id=10436]
  0x000001a5df4e6800 ConcurrentGCThread "G1 Main Marker" [stack: 0x0000009c07500000,0x0000009c07600000] [id=9256]
  0x000001a5df4e9800 ConcurrentGCThread "G1 Conc#0" [stack: 0x0000009c07600000,0x0000009c07700000] [id=11492]
  0x000001a5860e6800 ConcurrentGCThread "G1 Refine#0" [stack: 0x0000009c07700000,0x0000009c07800000] [id=1704]
  0x000001a5860ea800 ConcurrentGCThread "G1 Young RemSet Sampling" [stack: 0x0000009c07800000,0x0000009c07900000] [id=5732]

Threads with active compile tasks:
C2 CompilerThread0     1718 1282       4       java.lang.String::replace (42 bytes)
C2 CompilerThread1     1718 1362 %     4       java.util.jar.JarFile::match @ 14 (132 bytes)

VM state:at safepoint (normal execution)

VM Mutex/Monitor currently owned by a thread:  ([mutex/lock_event])
[0x000001a5df46e3d0] Threads_lock - owner thread: 0x000001a586a85800
[0x000001a5df46fed0] Heap_lock - owner thread: 0x000001a5df4e6800

Heap address: 0x0000000700000000, size: 4096 MB, Compressed Oops mode: Zero based, Oop shift amount: 3
Narrow klass base: 0x0000000800000000, Narrow klass shift: 0
Compressed class space size: 1073741824 Address: 0x0000000800000000

Heap:
 garbage-first heap   total 262144K, used 4291K [0x0000000700000000, 0x0000000800000000)
  region size 1024K, 2 young (2048K), 1 survivors (1024K)
 Metaspace       used 14692K, capacity 14906K, committed 15232K, reserved 1071104K
  class space    used 1498K, capacity 1583K, committed 1664K, reserved 1048576K
Heap Regions: E=young(eden), S=young(survivor), O=old, HS=humongous(starts), HC=humongous(continues), CS=collection set, F=free, A=archive, TAMS=top-at-mark-start (previous, next)
|   0|0x0000000700000000, 0x0000000700100000, 0x0000000700100000|100%| O|  |TAMS 0x0000000700000000, 0x0000000700100000| Untracked 
|   1|0x0000000700100000, 0x0000000700200000, 0x0000000700200000|100%| O|  |TAMS 0x0000000700100000, 0x0000000700200000| Untracked 
|   2|0x0000000700200000, 0x0000000700300000, 0x0000000700300000|100%| O|  |TAMS 0x0000000700200000, 0x0000000700300000| Untracked 
|   3|0x0000000700300000, 0x0000000700331e00, 0x0000000700400000| 19%| O|  |TAMS 0x0000000700300000, 0x0000000700331e00| Untracked 
|   4|0x0000000700400000, 0x0000000700400000, 0x0000000700500000|  0%| F|  |TAMS 0x0000000700400000, 0x0000000700400000| Untracked 
|   5|0x0000000700500000, 0x0000000700500000, 0x0000000700600000|  0%| F|  |TAMS 0x0000000700500000, 0x0000000700500000| Untracked 
|   6|0x0000000700600000, 0x0000000700600000, 0x0000000700700000|  0%| F|  |TAMS 0x0000000700600000, 0x0000000700600000| Untracked 
|   7|0x0000000700700000, 0x0000000700700000, 0x0000000700800000|  0%| F|  |TAMS 0x0000000700700000, 0x0000000700700000| Untracked 
|   8|0x0000000700800000, 0x0000000700800000, 0x0000000700900000|  0%| F|  |TAMS 0x0000000700800000, 0x0000000700800000| Untracked 
|   9|0x0000000700900000, 0x0000000700900000, 0x0000000700a00000|  0%| F|  |TAMS 0x0000000700900000, 0x0000000700900000| Untracked 
|  10|0x0000000700a00000, 0x0000000700a00000, 0x0000000700b00000|  0%| F|  |TAMS 0x0000000700a00000, 0x0000000700a00000| Untracked 
|  11|0x0000000700b00000, 0x0000000700b00000, 0x0000000700c00000|  0%| F|  |TAMS 0x0000000700b00000, 0x0000000700b00000| Untracked 
|  12|0x0000000700c00000, 0x0000000700c00000, 0x0000000700d00000|  0%| F|  |TAMS 0x0000000700c00000, 0x0000000700c00000| Untracked 
|  13|0x0000000700d00000, 0x0000000700d00000, 0x0000000700e00000|  0%| F|  |TAMS 0x0000000700d00000, 0x0000000700d00000| Untracked 
|  14|0x0000000700e00000, 0x0000000700e00000, 0x0000000700f00000|  0%| F|  |TAMS 0x0000000700e00000, 0x0000000700e00000| Untracked 
|  15|0x0000000700f00000, 0x0000000700f00000, 0x0000000701000000|  0%| F|  |TAMS 0x0000000700f00000, 0x0000000700f00000| Untracked 
|  16|0x0000000701000000, 0x0000000701000000, 0x0000000701100000|  0%| F|  |TAMS 0x0000000701000000, 0x0000000701000000| Untracked 
|  17|0x0000000701100000, 0x0000000701100000, 0x0000000701200000|  0%| F|  |TAMS 0x0000000701100000, 0x0000000701100000| Untracked 
|  18|0x0000000701200000, 0x0000000701200000, 0x0000000701300000|  0%| F|  |TAMS 0x0000000701200000, 0x0000000701200000| Untracked 
|  19|0x0000000701300000, 0x0000000701300000, 0x0000000701400000|  0%| F|  |TAMS 0x0000000701300000, 0x0000000701300000| Untracked 
|  20|0x0000000701400000, 0x0000000701400000, 0x0000000701500000|  0%| F|  |TAMS 0x0000000701400000, 0x0000000701400000| Untracked 
|  21|0x0000000701500000, 0x0000000701500000, 0x0000000701600000|  0%| F|  |TAMS 0x0000000701500000, 0x0000000701500000| Untracked 
|  22|0x0000000701600000, 0x0000000701600000, 0x0000000701700000|  0%| F|  |TAMS 0x0000000701600000, 0x0000000701600000| Untracked 
|  23|0x0000000701700000, 0x0000000701700000, 0x0000000701800000|  0%| F|  |TAMS 0x0000000701700000, 0x0000000701700000| Untracked 
|  24|0x0000000701800000, 0x0000000701800000, 0x0000000701900000|  0%| F|  |TAMS 0x0000000701800000, 0x0000000701800000| Untracked 
|  25|0x0000000701900000, 0x0000000701900000, 0x0000000701a00000|  0%| F|  |TAMS 0x0000000701900000, 0x0000000701900000| Untracked 
|  26|0x0000000701a00000, 0x0000000701a00000, 0x0000000701b00000|  0%| F|  |TAMS 0x0000000701a00000, 0x0000000701a00000| Untracked 
|  27|0x0000000701b00000, 0x0000000701b00000, 0x0000000701c00000|  0%| F|  |TAMS 0x0000000701b00000, 0x0000000701b00000| Untracked 
|  28|0x0000000701c00000, 0x0000000701c00000, 0x0000000701d00000|  0%| F|  |TAMS 0x0000000701c00000, 0x0000000701c00000| Untracked 
|  29|0x0000000701d00000, 0x0000000701d00000, 0x0000000701e00000|  0%| F|  |TAMS 0x0000000701d00000, 0x0000000701d00000| Untracked 
|  30|0x0000000701e00000, 0x0000000701e00000, 0x0000000701f00000|  0%| F|  |TAMS 0x0000000701e00000, 0x0000000701e00000| Untracked 
|  31|0x0000000701f00000, 0x0000000701f00000, 0x0000000702000000|  0%| F|  |TAMS 0x0000000701f00000, 0x0000000701f00000| Untracked 
|  32|0x0000000702000000, 0x0000000702000000, 0x0000000702100000|  0%| F|  |TAMS 0x0000000702000000, 0x0000000702000000| Untracked 
|  33|0x0000000702100000, 0x0000000702100000, 0x0000000702200000|  0%| F|  |TAMS 0x0000000702100000, 0x0000000702100000| Untracked 
|  34|0x0000000702200000, 0x0000000702200000, 0x0000000702300000|  0%| F|  |TAMS 0x0000000702200000, 0x0000000702200000| Untracked 
|  35|0x0000000702300000, 0x0000000702300000, 0x0000000702400000|  0%| F|  |TAMS 0x0000000702300000, 0x0000000702300000| Untracked 
|  36|0x0000000702400000, 0x0000000702400000, 0x0000000702500000|  0%| F|  |TAMS 0x0000000702400000, 0x0000000702400000| Untracked 
|  37|0x0000000702500000, 0x0000000702500000, 0x0000000702600000|  0%| F|  |TAMS 0x0000000702500000, 0x0000000702500000| Untracked 
|  38|0x0000000702600000, 0x0000000702600000, 0x0000000702700000|  0%| F|  |TAMS 0x0000000702600000, 0x0000000702600000| Untracked 
|  39|0x0000000702700000, 0x0000000702700000, 0x0000000702800000|  0%| F|  |TAMS 0x0000000702700000, 0x0000000702700000| Untracked 
|  40|0x0000000702800000, 0x0000000702800000, 0x0000000702900000|  0%| F|  |TAMS 0x0000000702800000, 0x0000000702800000| Untracked 
|  41|0x0000000702900000, 0x0000000702900000, 0x0000000702a00000|  0%| F|  |TAMS 0x0000000702900000, 0x0000000702900000| Untracked 
|  42|0x0000000702a00000, 0x0000000702a00000, 0x0000000702b00000|  0%| F|  |TAMS 0x0000000702a00000, 0x0000000702a00000| Untracked 
|  43|0x0000000702b00000, 0x0000000702b00000, 0x0000000702c00000|  0%| F|  |TAMS 0x0000000702b00000, 0x0000000702b00000| Untracked 
|  44|0x0000000702c00000, 0x0000000702c00000, 0x0000000702d00000|  0%| F|  |TAMS 0x0000000702c00000, 0x0000000702c00000| Untracked 
|  45|0x0000000702d00000, 0x0000000702d00000, 0x0000000702e00000|  0%| F|  |TAMS 0x0000000702d00000, 0x0000000702d00000| Untracked 
|  46|0x0000000702e00000, 0x0000000702e00000, 0x0000000702f00000|  0%| F|  |TAMS 0x0000000702e00000, 0x0000000702e00000| Untracked 
|  47|0x0000000702f00000, 0x0000000702f00000, 0x0000000703000000|  0%| F|  |TAMS 0x0000000702f00000, 0x0000000702f00000| Untracked 
|  48|0x0000000703000000, 0x0000000703000000, 0x0000000703100000|  0%| F|  |TAMS 0x0000000703000000, 0x0000000703000000| Untracked 
|  49|0x0000000703100000, 0x0000000703100000, 0x0000000703200000|  0%| F|  |TAMS 0x0000000703100000, 0x0000000703100000| Untracked 
|  50|0x0000000703200000, 0x0000000703200000, 0x0000000703300000|  0%| F|  |TAMS 0x0000000703200000, 0x0000000703200000| Untracked 
|  51|0x0000000703300000, 0x0000000703300000, 0x0000000703400000|  0%| F|  |TAMS 0x0000000703300000, 0x0000000703300000| Untracked 
|  52|0x0000000703400000, 0x0000000703400000, 0x0000000703500000|  0%| F|  |TAMS 0x0000000703400000, 0x0000000703400000| Untracked 
|  53|0x0000000703500000, 0x0000000703500000, 0x0000000703600000|  0%| F|  |TAMS 0x0000000703500000, 0x0000000703500000| Untracked 
|  54|0x0000000703600000, 0x0000000703600000, 0x0000000703700000|  0%| F|  |TAMS 0x0000000703600000, 0x0000000703600000| Untracked 
|  55|0x0000000703700000, 0x0000000703700000, 0x0000000703800000|  0%| F|  |TAMS 0x0000000703700000, 0x0000000703700000| Untracked 
|  56|0x0000000703800000, 0x0000000703800000, 0x0000000703900000|  0%| F|  |TAMS 0x0000000703800000, 0x0000000703800000| Untracked 
|  57|0x0000000703900000, 0x0000000703900000, 0x0000000703a00000|  0%| F|  |TAMS 0x0000000703900000, 0x0000000703900000| Untracked 
|  58|0x0000000703a00000, 0x0000000703a00000, 0x0000000703b00000|  0%| F|  |TAMS 0x0000000703a00000, 0x0000000703a00000| Untracked 
|  59|0x0000000703b00000, 0x0000000703b00000, 0x0000000703c00000|  0%| F|  |TAMS 0x0000000703b00000, 0x0000000703b00000| Untracked 
|  60|0x0000000703c00000, 0x0000000703c00000, 0x0000000703d00000|  0%| F|  |TAMS 0x0000000703c00000, 0x0000000703c00000| Untracked 
|  61|0x0000000703d00000, 0x0000000703d00000, 0x0000000703e00000|  0%| F|  |TAMS 0x0000000703d00000, 0x0000000703d00000| Untracked 
|  62|0x0000000703e00000, 0x0000000703e00000, 0x0000000703f00000|  0%| F|  |TAMS 0x0000000703e00000, 0x0000000703e00000| Untracked 
|  63|0x0000000703f00000, 0x0000000703f00000, 0x0000000704000000|  0%| F|  |TAMS 0x0000000703f00000, 0x0000000703f00000| Untracked 
|  64|0x0000000704000000, 0x0000000704000000, 0x0000000704100000|  0%| F|  |TAMS 0x0000000704000000, 0x0000000704000000| Untracked 
|  65|0x0000000704100000, 0x0000000704100000, 0x0000000704200000|  0%| F|  |TAMS 0x0000000704100000, 0x0000000704100000| Untracked 
|  66|0x0000000704200000, 0x0000000704200000, 0x0000000704300000|  0%| F|  |TAMS 0x0000000704200000, 0x0000000704200000| Untracked 
|  67|0x0000000704300000, 0x0000000704300000, 0x0000000704400000|  0%| F|  |TAMS 0x0000000704300000, 0x0000000704300000| Untracked 
|  68|0x0000000704400000, 0x0000000704400000, 0x0000000704500000|  0%| F|  |TAMS 0x0000000704400000, 0x0000000704400000| Untracked 
|  69|0x0000000704500000, 0x0000000704500000, 0x0000000704600000|  0%| F|  |TAMS 0x0000000704500000, 0x0000000704500000| Untracked 
|  70|0x0000000704600000, 0x0000000704600000, 0x0000000704700000|  0%| F|  |TAMS 0x0000000704600000, 0x0000000704600000| Untracked 
|  71|0x0000000704700000, 0x0000000704700000, 0x0000000704800000|  0%| F|  |TAMS 0x0000000704700000, 0x0000000704700000| Untracked 
|  72|0x0000000704800000, 0x0000000704800000, 0x0000000704900000|  0%| F|  |TAMS 0x0000000704800000, 0x0000000704800000| Untracked 
|  73|0x0000000704900000, 0x0000000704900000, 0x0000000704a00000|  0%| F|  |TAMS 0x0000000704900000, 0x0000000704900000| Untracked 
|  74|0x0000000704a00000, 0x0000000704a00000, 0x0000000704b00000|  0%| F|  |TAMS 0x0000000704a00000, 0x0000000704a00000| Untracked 
|  75|0x0000000704b00000, 0x0000000704b00000, 0x0000000704c00000|  0%| F|  |TAMS 0x0000000704b00000, 0x0000000704b00000| Untracked 
|  76|0x0000000704c00000, 0x0000000704c00000, 0x0000000704d00000|  0%| F|  |TAMS 0x0000000704c00000, 0x0000000704c00000| Untracked 
|  77|0x0000000704d00000, 0x0000000704d00000, 0x0000000704e00000|  0%| F|  |TAMS 0x0000000704d00000, 0x0000000704d00000| Untracked 
|  78|0x0000000704e00000, 0x0000000704e00000, 0x0000000704f00000|  0%| F|  |TAMS 0x0000000704e00000, 0x0000000704e00000| Untracked 
|  79|0x0000000704f00000, 0x0000000704f00000, 0x0000000705000000|  0%| F|  |TAMS 0x0000000704f00000, 0x0000000704f00000| Untracked 
|  80|0x0000000705000000, 0x0000000705000000, 0x0000000705100000|  0%| F|  |TAMS 0x0000000705000000, 0x0000000705000000| Untracked 
|  81|0x0000000705100000, 0x0000000705100000, 0x0000000705200000|  0%| F|  |TAMS 0x0000000705100000, 0x0000000705100000| Untracked 
|  82|0x0000000705200000, 0x0000000705200000, 0x0000000705300000|  0%| F|  |TAMS 0x0000000705200000, 0x0000000705200000| Untracked 
|  83|0x0000000705300000, 0x0000000705300000, 0x0000000705400000|  0%| F|  |TAMS 0x0000000705300000, 0x0000000705300000| Untracked 
|  84|0x0000000705400000, 0x0000000705400000, 0x0000000705500000|  0%| F|  |TAMS 0x0000000705400000, 0x0000000705400000| Untracked 
|  85|0x0000000705500000, 0x0000000705500000, 0x0000000705600000|  0%| F|  |TAMS 0x0000000705500000, 0x0000000705500000| Untracked 
|  86|0x0000000705600000, 0x0000000705600000, 0x0000000705700000|  0%| F|  |TAMS 0x0000000705600000, 0x0000000705600000| Untracked 
|  87|0x0000000705700000, 0x0000000705700000, 0x0000000705800000|  0%| F|  |TAMS 0x0000000705700000, 0x0000000705700000| Untracked 
|  88|0x0000000705800000, 0x0000000705800000, 0x0000000705900000|  0%| F|  |TAMS 0x0000000705800000, 0x0000000705800000| Untracked 
|  89|0x0000000705900000, 0x0000000705900000, 0x0000000705a00000|  0%| F|  |TAMS 0x0000000705900000, 0x0000000705900000| Untracked 
|  90|0x0000000705a00000, 0x0000000705a00000, 0x0000000705b00000|  0%| F|  |TAMS 0x0000000705a00000, 0x0000000705a00000| Untracked 
|  91|0x0000000705b00000, 0x0000000705b00000, 0x0000000705c00000|  0%| F|  |TAMS 0x0000000705b00000, 0x0000000705b00000| Untracked 
|  92|0x0000000705c00000, 0x0000000705c00000, 0x0000000705d00000|  0%| F|  |TAMS 0x0000000705c00000, 0x0000000705c00000| Untracked 
|  93|0x0000000705d00000, 0x0000000705d00000, 0x0000000705e00000|  0%| F|  |TAMS 0x0000000705d00000, 0x0000000705d00000| Untracked 
|  94|0x0000000705e00000, 0x0000000705e00000, 0x0000000705f00000|  0%| F|  |TAMS 0x0000000705e00000, 0x0000000705e00000| Untracked 
|  95|0x0000000705f00000, 0x0000000705f00000, 0x0000000706000000|  0%| F|  |TAMS 0x0000000705f00000, 0x0000000705f00000| Untracked 
|  96|0x0000000706000000, 0x0000000706000000, 0x0000000706100000|  0%| F|  |TAMS 0x0000000706000000, 0x0000000706000000| Untracked 
|  97|0x0000000706100000, 0x0000000706100000, 0x0000000706200000|  0%| F|  |TAMS 0x0000000706100000, 0x0000000706100000| Untracked 
|  98|0x0000000706200000, 0x0000000706200000, 0x0000000706300000|  0%| F|  |TAMS 0x0000000706200000, 0x0000000706200000| Untracked 
|  99|0x0000000706300000, 0x0000000706300000, 0x0000000706400000|  0%| F|  |TAMS 0x0000000706300000, 0x0000000706300000| Untracked 
| 100|0x0000000706400000, 0x0000000706400000, 0x0000000706500000|  0%| F|  |TAMS 0x0000000706400000, 0x0000000706400000| Untracked 
| 101|0x0000000706500000, 0x0000000706500000, 0x0000000706600000|  0%| F|  |TAMS 0x0000000706500000, 0x0000000706500000| Untracked 
| 102|0x0000000706600000, 0x0000000706600000, 0x0000000706700000|  0%| F|  |TAMS 0x0000000706600000, 0x0000000706600000| Untracked 
| 103|0x0000000706700000, 0x0000000706700000, 0x0000000706800000|  0%| F|  |TAMS 0x0000000706700000, 0x0000000706700000| Untracked 
| 104|0x0000000706800000, 0x0000000706800000, 0x0000000706900000|  0%| F|  |TAMS 0x0000000706800000, 0x0000000706800000| Untracked 
| 105|0x0000000706900000, 0x0000000706900000, 0x0000000706a00000|  0%| F|  |TAMS 0x0000000706900000, 0x0000000706900000| Untracked 
| 106|0x0000000706a00000, 0x0000000706a00000, 0x0000000706b00000|  0%| F|  |TAMS 0x0000000706a00000, 0x0000000706a00000| Untracked 
| 107|0x0000000706b00000, 0x0000000706b00000, 0x0000000706c00000|  0%| F|  |TAMS 0x0000000706b00000, 0x0000000706b00000| Untracked 
| 108|0x0000000706c00000, 0x0000000706c00000, 0x0000000706d00000|  0%| F|  |TAMS 0x0000000706c00000, 0x0000000706c00000| Untracked 
| 109|0x0000000706d00000, 0x0000000706d00000, 0x0000000706e00000|  0%| F|  |TAMS 0x0000000706d00000, 0x0000000706d00000| Untracked 
| 110|0x0000000706e00000, 0x0000000706e00000, 0x0000000706f00000|  0%| F|  |TAMS 0x0000000706e00000, 0x0000000706e00000| Untracked 
| 111|0x0000000706f00000, 0x0000000706f00000, 0x0000000707000000|  0%| F|  |TAMS 0x0000000706f00000, 0x0000000706f00000| Untracked 
| 112|0x0000000707000000, 0x0000000707000000, 0x0000000707100000|  0%| F|  |TAMS 0x0000000707000000, 0x0000000707000000| Untracked 
| 113|0x0000000707100000, 0x0000000707100000, 0x0000000707200000|  0%| F|  |TAMS 0x0000000707100000, 0x0000000707100000| Untracked 
| 114|0x0000000707200000, 0x0000000707200000, 0x0000000707300000|  0%| F|  |TAMS 0x0000000707200000, 0x0000000707200000| Untracked 
| 115|0x0000000707300000, 0x0000000707300000, 0x0000000707400000|  0%| F|  |TAMS 0x0000000707300000, 0x0000000707300000| Untracked 
| 116|0x0000000707400000, 0x0000000707400000, 0x0000000707500000|  0%| F|  |TAMS 0x0000000707400000, 0x0000000707400000| Untracked 
| 117|0x0000000707500000, 0x0000000707500000, 0x0000000707600000|  0%| F|  |TAMS 0x0000000707500000, 0x0000000707500000| Untracked 
| 118|0x0000000707600000, 0x0000000707600000, 0x0000000707700000|  0%| F|  |TAMS 0x0000000707600000, 0x0000000707600000| Untracked 
| 119|0x0000000707700000, 0x0000000707700000, 0x0000000707800000|  0%| F|  |TAMS 0x0000000707700000, 0x0000000707700000| Untracked 
| 120|0x0000000707800000, 0x0000000707800000, 0x0000000707900000|  0%| F|  |TAMS 0x0000000707800000, 0x0000000707800000| Untracked 
| 121|0x0000000707900000, 0x0000000707900000, 0x0000000707a00000|  0%| F|  |TAMS 0x0000000707900000, 0x0000000707900000| Untracked 
| 122|0x0000000707a00000, 0x0000000707a00000, 0x0000000707b00000|  0%| F|  |TAMS 0x0000000707a00000, 0x0000000707a00000| Untracked 
| 123|0x0000000707b00000, 0x0000000707b00000, 0x0000000707c00000|  0%| F|  |TAMS 0x0000000707b00000, 0x0000000707b00000| Untracked 
| 124|0x0000000707c00000, 0x0000000707c00000, 0x0000000707d00000|  0%| F|  |TAMS 0x0000000707c00000, 0x0000000707c00000| Untracked 
| 125|0x0000000707d00000, 0x0000000707d00000, 0x0000000707e00000|  0%| F|  |TAMS 0x0000000707d00000, 0x0000000707d00000| Untracked 
| 126|0x0000000707e00000, 0x0000000707e00000, 0x0000000707f00000|  0%| F|  |TAMS 0x0000000707e00000, 0x0000000707e00000| Untracked 
| 127|0x0000000707f00000, 0x0000000707f00000, 0x0000000708000000|  0%| F|  |TAMS 0x0000000707f00000, 0x0000000707f00000| Untracked 
| 128|0x0000000708000000, 0x0000000708000000, 0x0000000708100000|  0%| F|  |TAMS 0x0000000708000000, 0x0000000708000000| Untracked 
| 129|0x0000000708100000, 0x0000000708100000, 0x0000000708200000|  0%| F|  |TAMS 0x0000000708100000, 0x0000000708100000| Untracked 
| 130|0x0000000708200000, 0x0000000708200000, 0x0000000708300000|  0%| F|  |TAMS 0x0000000708200000, 0x0000000708200000| Untracked 
| 131|0x0000000708300000, 0x0000000708300000, 0x0000000708400000|  0%| F|  |TAMS 0x0000000708300000, 0x0000000708300000| Untracked 
| 132|0x0000000708400000, 0x0000000708400000, 0x0000000708500000|  0%| F|  |TAMS 0x0000000708400000, 0x0000000708400000| Untracked 
| 133|0x0000000708500000, 0x0000000708500000, 0x0000000708600000|  0%| F|  |TAMS 0x0000000708500000, 0x0000000708500000| Untracked 
| 134|0x0000000708600000, 0x0000000708600000, 0x0000000708700000|  0%| F|  |TAMS 0x0000000708600000, 0x0000000708600000| Untracked 
| 135|0x0000000708700000, 0x0000000708700000, 0x0000000708800000|  0%| F|  |TAMS 0x0000000708700000, 0x0000000708700000| Untracked 
| 136|0x0000000708800000, 0x0000000708800000, 0x0000000708900000|  0%| F|  |TAMS 0x0000000708800000, 0x0000000708800000| Untracked 
| 137|0x0000000708900000, 0x0000000708900000, 0x0000000708a00000|  0%| F|  |TAMS 0x0000000708900000, 0x0000000708900000| Untracked 
| 138|0x0000000708a00000, 0x0000000708a00000, 0x0000000708b00000|  0%| F|  |TAMS 0x0000000708a00000, 0x0000000708a00000| Untracked 
| 139|0x0000000708b00000, 0x0000000708b00000, 0x0000000708c00000|  0%| F|  |TAMS 0x0000000708b00000, 0x0000000708b00000| Untracked 
| 140|0x0000000708c00000, 0x0000000708c00000, 0x0000000708d00000|  0%| F|  |TAMS 0x0000000708c00000, 0x0000000708c00000| Untracked 
| 141|0x0000000708d00000, 0x0000000708d00000, 0x0000000708e00000|  0%| F|  |TAMS 0x0000000708d00000, 0x0000000708d00000| Untracked 
| 142|0x0000000708e00000, 0x0000000708e00000, 0x0000000708f00000|  0%| F|  |TAMS 0x0000000708e00000, 0x0000000708e00000| Untracked 
| 143|0x0000000708f00000, 0x0000000708f00000, 0x0000000709000000|  0%| F|  |TAMS 0x0000000708f00000, 0x0000000708f00000| Untracked 
| 144|0x0000000709000000, 0x0000000709000000, 0x0000000709100000|  0%| F|  |TAMS 0x0000000709000000, 0x0000000709000000| Untracked 
| 145|0x0000000709100000, 0x0000000709100000, 0x0000000709200000|  0%| F|  |TAMS 0x0000000709100000, 0x0000000709100000| Untracked 
| 146|0x0000000709200000, 0x0000000709200000, 0x0000000709300000|  0%| F|  |TAMS 0x0000000709200000, 0x0000000709200000| Untracked 
| 147|0x0000000709300000, 0x0000000709300000, 0x0000000709400000|  0%| F|  |TAMS 0x0000000709300000, 0x0000000709300000| Untracked 
| 148|0x0000000709400000, 0x0000000709400000, 0x0000000709500000|  0%| F|  |TAMS 0x0000000709400000, 0x0000000709400000| Untracked 
| 149|0x0000000709500000, 0x0000000709500000, 0x0000000709600000|  0%| F|  |TAMS 0x0000000709500000, 0x0000000709500000| Untracked 
| 150|0x0000000709600000, 0x0000000709600000, 0x0000000709700000|  0%| F|  |TAMS 0x0000000709600000, 0x0000000709600000| Untracked 
| 151|0x0000000709700000, 0x0000000709700000, 0x0000000709800000|  0%| F|  |TAMS 0x0000000709700000, 0x0000000709700000| Untracked 
| 152|0x0000000709800000, 0x0000000709800000, 0x0000000709900000|  0%| F|  |TAMS 0x0000000709800000, 0x0000000709800000| Untracked 
| 153|0x0000000709900000, 0x0000000709900000, 0x0000000709a00000|  0%| F|  |TAMS 0x0000000709900000, 0x0000000709900000| Untracked 
| 154|0x0000000709a00000, 0x0000000709a00000, 0x0000000709b00000|  0%| F|  |TAMS 0x0000000709a00000, 0x0000000709a00000| Untracked 
| 155|0x0000000709b00000, 0x0000000709b00000, 0x0000000709c00000|  0%| F|  |TAMS 0x0000000709b00000, 0x0000000709b00000| Untracked 
| 156|0x0000000709c00000, 0x0000000709c00000, 0x0000000709d00000|  0%| F|  |TAMS 0x0000000709c00000, 0x0000000709c00000| Untracked 
| 157|0x0000000709d00000, 0x0000000709d00000, 0x0000000709e00000|  0%| F|  |TAMS 0x0000000709d00000, 0x0000000709d00000| Untracked 
| 158|0x0000000709e00000, 0x0000000709e00000, 0x0000000709f00000|  0%| F|  |TAMS 0x0000000709e00000, 0x0000000709e00000| Untracked 
| 159|0x0000000709f00000, 0x0000000709f00000, 0x000000070a000000|  0%| F|  |TAMS 0x0000000709f00000, 0x0000000709f00000| Untracked 
| 160|0x000000070a000000, 0x000000070a000000, 0x000000070a100000|  0%| F|  |TAMS 0x000000070a000000, 0x000000070a000000| Untracked 
| 161|0x000000070a100000, 0x000000070a100000, 0x000000070a200000|  0%| F|  |TAMS 0x000000070a100000, 0x000000070a100000| Untracked 
| 162|0x000000070a200000, 0x000000070a200000, 0x000000070a300000|  0%| F|  |TAMS 0x000000070a200000, 0x000000070a200000| Untracked 
| 163|0x000000070a300000, 0x000000070a300000, 0x000000070a400000|  0%| F|  |TAMS 0x000000070a300000, 0x000000070a300000| Untracked 
| 164|0x000000070a400000, 0x000000070a400000, 0x000000070a500000|  0%| F|  |TAMS 0x000000070a400000, 0x000000070a400000| Untracked 
| 165|0x000000070a500000, 0x000000070a500000, 0x000000070a600000|  0%| F|  |TAMS 0x000000070a500000, 0x000000070a500000| Untracked 
| 166|0x000000070a600000, 0x000000070a600000, 0x000000070a700000|  0%| F|  |TAMS 0x000000070a600000, 0x000000070a600000| Untracked 
| 167|0x000000070a700000, 0x000000070a700000, 0x000000070a800000|  0%| F|  |TAMS 0x000000070a700000, 0x000000070a700000| Untracked 
| 168|0x000000070a800000, 0x000000070a800000, 0x000000070a900000|  0%| F|  |TAMS 0x000000070a800000, 0x000000070a800000| Untracked 
| 169|0x000000070a900000, 0x000000070a900000, 0x000000070aa00000|  0%| F|  |TAMS 0x000000070a900000, 0x000000070a900000| Untracked 
| 170|0x000000070aa00000, 0x000000070aa00000, 0x000000070ab00000|  0%| F|  |TAMS 0x000000070aa00000, 0x000000070aa00000| Untracked 
| 171|0x000000070ab00000, 0x000000070ab00000, 0x000000070ac00000|  0%| F|  |TAMS 0x000000070ab00000, 0x000000070ab00000| Untracked 
| 172|0x000000070ac00000, 0x000000070ac00000, 0x000000070ad00000|  0%| F|  |TAMS 0x000000070ac00000, 0x000000070ac00000| Untracked 
| 173|0x000000070ad00000, 0x000000070ad00000, 0x000000070ae00000|  0%| F|  |TAMS 0x000000070ad00000, 0x000000070ad00000| Untracked 
| 174|0x000000070ae00000, 0x000000070ae00000, 0x000000070af00000|  0%| F|  |TAMS 0x000000070ae00000, 0x000000070ae00000| Untracked 
| 175|0x000000070af00000, 0x000000070af00000, 0x000000070b000000|  0%| F|  |TAMS 0x000000070af00000, 0x000000070af00000| Untracked 
| 176|0x000000070b000000, 0x000000070b000000, 0x000000070b100000|  0%| F|  |TAMS 0x000000070b000000, 0x000000070b000000| Untracked 
| 177|0x000000070b100000, 0x000000070b100000, 0x000000070b200000|  0%| F|  |TAMS 0x000000070b100000, 0x000000070b100000| Untracked 
| 178|0x000000070b200000, 0x000000070b200000, 0x000000070b300000|  0%| F|  |TAMS 0x000000070b200000, 0x000000070b200000| Untracked 
| 179|0x000000070b300000, 0x000000070b300000, 0x000000070b400000|  0%| F|  |TAMS 0x000000070b300000, 0x000000070b300000| Untracked 
| 180|0x000000070b400000, 0x000000070b400000, 0x000000070b500000|  0%| F|  |TAMS 0x000000070b400000, 0x000000070b400000| Untracked 
| 181|0x000000070b500000, 0x000000070b500000, 0x000000070b600000|  0%| F|  |TAMS 0x000000070b500000, 0x000000070b500000| Untracked 
| 182|0x000000070b600000, 0x000000070b600000, 0x000000070b700000|  0%| F|  |TAMS 0x000000070b600000, 0x000000070b600000| Untracked 
| 183|0x000000070b700000, 0x000000070b700000, 0x000000070b800000|  0%| F|  |TAMS 0x000000070b700000, 0x000000070b700000| Untracked 
| 184|0x000000070b800000, 0x000000070b800000, 0x000000070b900000|  0%| F|  |TAMS 0x000000070b800000, 0x000000070b800000| Untracked 
| 185|0x000000070b900000, 0x000000070b900000, 0x000000070ba00000|  0%| F|  |TAMS 0x000000070b900000, 0x000000070b900000| Untracked 
| 186|0x000000070ba00000, 0x000000070ba00000, 0x000000070bb00000|  0%| F|  |TAMS 0x000000070ba00000, 0x000000070ba00000| Untracked 
| 187|0x000000070bb00000, 0x000000070bb00000, 0x000000070bc00000|  0%| F|  |TAMS 0x000000070bb00000, 0x000000070bb00000| Untracked 
| 188|0x000000070bc00000, 0x000000070bc00000, 0x000000070bd00000|  0%| F|  |TAMS 0x000000070bc00000, 0x000000070bc00000| Untracked 
| 189|0x000000070bd00000, 0x000000070bd00000, 0x000000070be00000|  0%| F|  |TAMS 0x000000070bd00000, 0x000000070bd00000| Untracked 
| 190|0x000000070be00000, 0x000000070be00000, 0x000000070bf00000|  0%| F|  |TAMS 0x000000070be00000, 0x000000070be00000| Untracked 
| 191|0x000000070bf00000, 0x000000070bf00000, 0x000000070c000000|  0%| F|  |TAMS 0x000000070bf00000, 0x000000070bf00000| Untracked 
| 192|0x000000070c000000, 0x000000070c000000, 0x000000070c100000|  0%| F|  |TAMS 0x000000070c000000, 0x000000070c000000| Untracked 
| 193|0x000000070c100000, 0x000000070c100000, 0x000000070c200000|  0%| F|  |TAMS 0x000000070c100000, 0x000000070c100000| Untracked 
| 194|0x000000070c200000, 0x000000070c200000, 0x000000070c300000|  0%| F|  |TAMS 0x000000070c200000, 0x000000070c200000| Untracked 
| 195|0x000000070c300000, 0x000000070c300000, 0x000000070c400000|  0%| F|  |TAMS 0x000000070c300000, 0x000000070c300000| Untracked 
| 196|0x000000070c400000, 0x000000070c400000, 0x000000070c500000|  0%| F|  |TAMS 0x000000070c400000, 0x000000070c400000| Untracked 
| 197|0x000000070c500000, 0x000000070c500000, 0x000000070c600000|  0%| F|  |TAMS 0x000000070c500000, 0x000000070c500000| Untracked 
| 198|0x000000070c600000, 0x000000070c600000, 0x000000070c700000|  0%| F|  |TAMS 0x000000070c600000, 0x000000070c600000| Untracked 
| 199|0x000000070c700000, 0x000000070c700000, 0x000000070c800000|  0%| F|  |TAMS 0x000000070c700000, 0x000000070c700000| Untracked 
| 200|0x000000070c800000, 0x000000070c800000, 0x000000070c900000|  0%| F|  |TAMS 0x000000070c800000, 0x000000070c800000| Untracked 
| 201|0x000000070c900000, 0x000000070c900000, 0x000000070ca00000|  0%| F|  |TAMS 0x000000070c900000, 0x000000070c900000| Untracked 
| 202|0x000000070ca00000, 0x000000070ca00000, 0x000000070cb00000|  0%| F|  |TAMS 0x000000070ca00000, 0x000000070ca00000| Untracked 
| 203|0x000000070cb00000, 0x000000070cb00000, 0x000000070cc00000|  0%| F|  |TAMS 0x000000070cb00000, 0x000000070cb00000| Untracked 
| 204|0x000000070cc00000, 0x000000070cc00000, 0x000000070cd00000|  0%| F|  |TAMS 0x000000070cc00000, 0x000000070cc00000| Untracked 
| 205|0x000000070cd00000, 0x000000070cd00000, 0x000000070ce00000|  0%| F|  |TAMS 0x000000070cd00000, 0x000000070cd00000| Untracked 
| 206|0x000000070ce00000, 0x000000070ce00000, 0x000000070cf00000|  0%| F|  |TAMS 0x000000070ce00000, 0x000000070ce00000| Untracked 
| 207|0x000000070cf00000, 0x000000070cf00000, 0x000000070d000000|  0%| F|  |TAMS 0x000000070cf00000, 0x000000070cf00000| Untracked 
| 208|0x000000070d000000, 0x000000070d000000, 0x000000070d100000|  0%| F|  |TAMS 0x000000070d000000, 0x000000070d000000| Untracked 
| 209|0x000000070d100000, 0x000000070d100000, 0x000000070d200000|  0%| F|  |TAMS 0x000000070d100000, 0x000000070d100000| Untracked 
| 210|0x000000070d200000, 0x000000070d200000, 0x000000070d300000|  0%| F|  |TAMS 0x000000070d200000, 0x000000070d200000| Untracked 
| 211|0x000000070d300000, 0x000000070d300000, 0x000000070d400000|  0%| F|  |TAMS 0x000000070d300000, 0x000000070d300000| Untracked 
| 212|0x000000070d400000, 0x000000070d400000, 0x000000070d500000|  0%| F|  |TAMS 0x000000070d400000, 0x000000070d400000| Untracked 
| 213|0x000000070d500000, 0x000000070d500000, 0x000000070d600000|  0%| F|  |TAMS 0x000000070d500000, 0x000000070d500000| Untracked 
| 214|0x000000070d600000, 0x000000070d600000, 0x000000070d700000|  0%| F|  |TAMS 0x000000070d600000, 0x000000070d600000| Untracked 
| 215|0x000000070d700000, 0x000000070d700000, 0x000000070d800000|  0%| F|  |TAMS 0x000000070d700000, 0x000000070d700000| Untracked 
| 216|0x000000070d800000, 0x000000070d800000, 0x000000070d900000|  0%| F|  |TAMS 0x000000070d800000, 0x000000070d800000| Untracked 
| 217|0x000000070d900000, 0x000000070d900000, 0x000000070da00000|  0%| F|  |TAMS 0x000000070d900000, 0x000000070d900000| Untracked 
| 218|0x000000070da00000, 0x000000070da00000, 0x000000070db00000|  0%| F|  |TAMS 0x000000070da00000, 0x000000070da00000| Untracked 
| 219|0x000000070db00000, 0x000000070db00000, 0x000000070dc00000|  0%| F|  |TAMS 0x000000070db00000, 0x000000070db00000| Untracked 
| 220|0x000000070dc00000, 0x000000070dc00000, 0x000000070dd00000|  0%| F|  |TAMS 0x000000070dc00000, 0x000000070dc00000| Untracked 
| 221|0x000000070dd00000, 0x000000070dd00000, 0x000000070de00000|  0%| F|  |TAMS 0x000000070dd00000, 0x000000070dd00000| Untracked 
| 222|0x000000070de00000, 0x000000070de00000, 0x000000070df00000|  0%| F|  |TAMS 0x000000070de00000, 0x000000070de00000| Untracked 
| 223|0x000000070df00000, 0x000000070df00000, 0x000000070e000000|  0%| F|  |TAMS 0x000000070df00000, 0x000000070df00000| Untracked 
| 224|0x000000070e000000, 0x000000070e000000, 0x000000070e100000|  0%| F|  |TAMS 0x000000070e000000, 0x000000070e000000| Untracked 
| 225|0x000000070e100000, 0x000000070e100000, 0x000000070e200000|  0%| F|  |TAMS 0x000000070e100000, 0x000000070e100000| Untracked 
| 226|0x000000070e200000, 0x000000070e200000, 0x000000070e300000|  0%| F|  |TAMS 0x000000070e200000, 0x000000070e200000| Untracked 
| 227|0x000000070e300000, 0x000000070e300000, 0x000000070e400000|  0%| F|  |TAMS 0x000000070e300000, 0x000000070e300000| Untracked 
| 228|0x000000070e400000, 0x000000070e400000, 0x000000070e500000|  0%| F|  |TAMS 0x000000070e400000, 0x000000070e400000| Untracked 
| 229|0x000000070e500000, 0x000000070e500000, 0x000000070e600000|  0%| F|  |TAMS 0x000000070e500000, 0x000000070e500000| Untracked 
| 230|0x000000070e600000, 0x000000070e600000, 0x000000070e700000|  0%| F|  |TAMS 0x000000070e600000, 0x000000070e600000| Untracked 
| 231|0x000000070e700000, 0x000000070e700000, 0x000000070e800000|  0%| F|  |TAMS 0x000000070e700000, 0x000000070e700000| Untracked 
| 232|0x000000070e800000, 0x000000070e800000, 0x000000070e900000|  0%| F|  |TAMS 0x000000070e800000, 0x000000070e800000| Untracked 
| 233|0x000000070e900000, 0x000000070e900000, 0x000000070ea00000|  0%| F|  |TAMS 0x000000070e900000, 0x000000070e900000| Untracked 
| 234|0x000000070ea00000, 0x000000070ea00000, 0x000000070eb00000|  0%| F|  |TAMS 0x000000070ea00000, 0x000000070ea00000| Untracked 
| 235|0x000000070eb00000, 0x000000070eb00000, 0x000000070ec00000|  0%| F|  |TAMS 0x000000070eb00000, 0x000000070eb00000| Untracked 
| 236|0x000000070ec00000, 0x000000070ec00000, 0x000000070ed00000|  0%| F|  |TAMS 0x000000070ec00000, 0x000000070ec00000| Untracked 
| 237|0x000000070ed00000, 0x000000070ed00000, 0x000000070ee00000|  0%| F|  |TAMS 0x000000070ed00000, 0x000000070ed00000| Untracked 
| 238|0x000000070ee00000, 0x000000070ee00000, 0x000000070ef00000|  0%| F|  |TAMS 0x000000070ee00000, 0x000000070ee00000| Untracked 
| 239|0x000000070ef00000, 0x000000070ef00000, 0x000000070f000000|  0%| F|  |TAMS 0x000000070ef00000, 0x000000070ef00000| Untracked 
| 240|0x000000070f000000, 0x000000070f0ff000, 0x000000070f100000| 99%| S|CS|TAMS 0x000000070f000000, 0x000000070f000000| Complete 
| 241|0x000000070f100000, 0x000000070f100000, 0x000000070f200000|  0%| F|  |TAMS 0x000000070f100000, 0x000000070f100000| Untracked 
| 242|0x000000070f200000, 0x000000070f200000, 0x000000070f300000|  0%| F|  |TAMS 0x000000070f200000, 0x000000070f200000| Untracked 
| 243|0x000000070f300000, 0x000000070f300000, 0x000000070f400000|  0%| F|  |TAMS 0x000000070f300000, 0x000000070f300000| Untracked 
| 244|0x000000070f400000, 0x000000070f400000, 0x000000070f500000|  0%| F|  |TAMS 0x000000070f400000, 0x000000070f400000| Untracked 
| 245|0x000000070f500000, 0x000000070f500000, 0x000000070f600000|  0%| F|  |TAMS 0x000000070f500000, 0x000000070f500000| Untracked 
| 246|0x000000070f600000, 0x000000070f600000, 0x000000070f700000|  0%| F|  |TAMS 0x000000070f600000, 0x000000070f600000| Untracked 
| 247|0x000000070f700000, 0x000000070f700000, 0x000000070f800000|  0%| F|  |TAMS 0x000000070f700000, 0x000000070f700000| Untracked 
| 248|0x000000070f800000, 0x000000070f800000, 0x000000070f900000|  0%| F|  |TAMS 0x000000070f800000, 0x000000070f800000| Untracked 
| 249|0x000000070f900000, 0x000000070f900000, 0x000000070fa00000|  0%| F|  |TAMS 0x000000070f900000, 0x000000070f900000| Untracked 
| 250|0x000000070fa00000, 0x000000070fa00000, 0x000000070fb00000|  0%| F|  |TAMS 0x000000070fa00000, 0x000000070fa00000| Untracked 
| 251|0x000000070fb00000, 0x000000070fb00000, 0x000000070fc00000|  0%| F|  |TAMS 0x000000070fb00000, 0x000000070fb00000| Untracked 
| 252|0x000000070fc00000, 0x000000070fc00000, 0x000000070fd00000|  0%| F|  |TAMS 0x000000070fc00000, 0x000000070fc00000| Untracked 
| 253|0x000000070fd00000, 0x000000070fd00000, 0x000000070fe00000|  0%| F|  |TAMS 0x000000070fd00000, 0x000000070fd00000| Untracked 
| 254|0x000000070fe00000, 0x000000070fe00000, 0x000000070ff00000|  0%| F|  |TAMS 0x000000070fe00000, 0x000000070fe00000| Untracked 
| 255|0x000000070ff00000, 0x000000070ff80000, 0x0000000710000000| 50%| E|  |TAMS 0x000000070ff00000, 0x000000070ff00000| Complete 

Card table byte_map: [0x000001a5fa970000,0x000001a5fb170000] _byte_map_base: 0x000001a5f7170000

Marking Bits (Prev, Next): (CMBitMap*) 0x000001a5df4d5a98, (CMBitMap*) 0x000001a5df4d5ad0
 Prev Bits: [0x000001a5fb970000, 0x000001a5ff970000)
 Next Bits: [0x000001a580000000, 0x000001a584000000)

Polling page: 0x000001a5df170000

Metaspace:

Usage:
  Non-class:     13.01 MB capacity,    12.89 MB (>99%) used,   109.57 KB ( <1%) free+waste,    19.13 KB ( <1%) overhead. 
      Class:      1.55 MB capacity,     1.46 MB ( 95%) used,    76.28 KB (  5%) free+waste,     8.31 KB ( <1%) overhead. 
       Both:     14.56 MB capacity,    14.35 MB ( 99%) used,   185.85 KB (  1%) free+waste,    27.44 KB ( <1%) overhead. 

Virtual space:
  Non-class space:       22.00 MB reserved,      13.25 MB ( 60%) committed 
      Class space:        1.00 GB reserved,       1.63 MB ( <1%) committed 
             Both:        1.02 GB reserved,      14.88 MB (  1%) committed 

Chunk freelists:
   Non-Class:  53.00 KB
       Class:  17.00 KB
        Both:  70.00 KB

MaxMetaspaceSize: 17179869184.00 GB
CompressedClassSpaceSize: 1.00 GB
Initial GC threshold: 20.80 MB
Current GC threshold: 21.12 MB
CDS: off

CodeHeap 'non-profiled nmethods': size=120064Kb used=541Kb max_used=541Kb free=119522Kb
 bounds [0x000001a5f2600000, 0x000001a5f2870000, 0x000001a5f9b40000]
CodeHeap 'profiled nmethods': size=120000Kb used=2710Kb max_used=2710Kb free=117289Kb
 bounds [0x000001a5eb0d0000, 0x000001a5eb380000, 0x000001a5f2600000]
CodeHeap 'non-nmethods': size=5696Kb used=1151Kb max_used=1174Kb free=4544Kb
 bounds [0x000001a5eab40000, 0x000001a5eadb0000, 0x000001a5eb0d0000]
 total_blobs=1756 nmethods=1359 adapters=310
 compilation: enabled
              stopped_count=0, restarted_count=0
 full_count=0

Compilation events (20 events):
Event: 1.615 Thread 0x000001a586ad4000 nmethod 1286 0x000001a5eb34c110 code [0x000001a5eb34c2c0, 0x000001a5eb34c4f8]
Event: 1.615 Thread 0x000001a587569000 nmethod 1281 0x000001a5f267e810 code [0x000001a5f267e9c0, 0x000001a5f267ed18]
Event: 1.617 Thread 0x000001a586ad4000 1287       1       sun.reflect.generics.tree.ClassTypeSignature::getPath (5 bytes)
Event: 1.617 Thread 0x000001a586ad4000 nmethod 1287 0x000001a5f267ef10 code [0x000001a5f267f0c0, 0x000001a5f267f178]
Event: 1.617 Thread 0x000001a586ad4000 1288       1       sun.reflect.generics.tree.SimpleClassTypeSignature::getName (5 bytes)
Event: 1.617 Thread 0x000001a586ad4000 nmethod 1288 0x000001a5f267f210 code [0x000001a5f267f3c0, 0x000001a5f267f478]
Event: 1.617 Thread 0x000001a586ad4000 1289       1       sun.reflect.generics.tree.SimpleClassTypeSignature::getDollar (5 bytes)
Event: 1.617 Thread 0x000001a586ad4000 nmethod 1289 0x000001a5f267f510 code [0x000001a5f267f6c0, 0x000001a5f267f778]
Event: 1.618 Thread 0x000001a587569000 1292       4       sun.reflect.generics.parser.SignatureParser::current (59 bytes)
Event: 1.618 Thread 0x000001a586ad4000 1293       1       java.util.Collections$1::hasNext (5 bytes)
Event: 1.618 Thread 0x000001a586ad4000 nmethod 1293 0x000001a5f267fe10 code [0x000001a5f267ffc0, 0x000001a5f2680078]
Event: 1.618 Thread 0x000001a586ad4000 1294       3       java.lang.reflect.Method::getParameterTypes (11 bytes)
Event: 1.619 Thread 0x000001a586ad4000 nmethod 1294 0x000001a5eb34c610 code [0x000001a5eb34c7e0, 0x000001a5eb34caa8]
Event: 1.619 Thread 0x000001a586ad4000 1295       3       java.lang.reflect.ProxyGenerator$ConstantPool::getMethodRef (33 bytes)
Event: 1.620 Thread 0x000001a586ad4000 nmethod 1295 0x000001a5eb34cb90 code [0x000001a5eb34ce60, 0x000001a5eb34db08]
Event: 1.620 Thread 0x000001a586ad4000 1296       3       java.lang.reflect.ProxyGenerator::dotToSlash (9 bytes)
Event: 1.620 Thread 0x000001a586ad4000 nmethod 1296 0x000001a5eb34e090 code [0x000001a5eb34e240, 0x000001a5eb34e368]
Event: 1.621 Thread 0x000001a587569000 nmethod 1292 0x000001a5f2680110 code [0x000001a5f26802c0, 0x000001a5f26803c8]
Event: 1.621 Thread 0x000001a586ad4000 1297       3       java.lang.Class::annotationData (44 bytes)
Event: 1.622 Thread 0x000001a586ad4000 nmethod 1297 0x000001a5eb34e410 code [0x000001a5eb34e5e0, 0x000001a5eb34e948]

GC Heap History (4 events):
Event: 1.033 GC heap before
{Heap before GC invocations=0 (full 0):
 garbage-first heap   total 262144K, used 14336K [0x0000000700000000, 0x0000000800000000)
  region size 1024K, 14 young (14336K), 0 survivors (0K)
 Metaspace       used 11443K, capacity 11634K, committed 11904K, reserved 1060864K
  class space    used 1068K, capacity 1135K, committed 1152K, reserved 1048576K
}
Event: 1.038 GC heap after
{Heap after GC invocations=1 (full 0):
 garbage-first heap   total 262144K, used 3370K [0x0000000700000000, 0x0000000800000000)
  region size 1024K, 2 young (2048K), 2 survivors (2048K)
 Metaspace       used 11443K, capacity 11634K, committed 11904K, reserved 1060864K
  class space    used 1068K, capacity 1135K, committed 1152K, reserved 1048576K
}
Event: 1.368 GC heap before
{Heap before GC invocations=1 (full 0):
 garbage-first heap   total 262144K, used 13610K [0x0000000700000000, 0x0000000800000000)
  region size 1024K, 12 young (12288K), 2 survivors (2048K)
 Metaspace       used 13432K, capacity 13662K, committed 13824K, reserved 1060864K
  class space    used 1355K, capacity 1450K, committed 1536K, reserved 1048576K
}
Event: 1.372 GC heap after
{Heap after GC invocations=2 (full 0):
 garbage-first heap   total 262144K, used 3907K [0x0000000700000000, 0x0000000800000000)
  region size 1024K, 1 young (1024K), 1 survivors (1024K)
 Metaspace       used 13432K, capacity 13662K, committed 13824K, reserved 1060864K
  class space    used 1355K, capacity 1450K, committed 1536K, reserved 1048576K
}

Deoptimization events (20 events):
Event: 1.509 Thread 0x000001a5df472800 Uncommon trap: trap_request=0xffffffc6 fr.pc=0x000001a5f264caf0 relative=0x0000000000000410
Event: 1.509 Thread 0x000001a5df472800 Uncommon trap: reason=bimorphic_or_optimized_type_check action=maybe_recompile pc=0x000001a5f264caf0 method=java.util.HashMap.getNode(ILjava/lang/Object;)Ljava/util/HashMap$Node; @ 126 c2
Event: 1.509 Thread 0x000001a5df472800 DEOPT PACKING pc=0x000001a5f264caf0 sp=0x0000009c073fd250
Event: 1.509 Thread 0x000001a5df472800 DEOPT UNPACKING pc=0x000001a5eab485af sp=0x0000009c073fd168 mode 2
Event: 1.529 Thread 0x000001a5df472800 Uncommon trap: trap_request=0xffffffc6 fr.pc=0x000001a5f264a0f8 relative=0x0000000000000d38
Event: 1.529 Thread 0x000001a5df472800 Uncommon trap: reason=bimorphic_or_optimized_type_check action=maybe_recompile pc=0x000001a5f264a0f8 method=java.util.HashMap.putVal(ILjava/lang/Object;Ljava/lang/Object;ZZ)Ljava/lang/Object; @ 91 c2
Event: 1.529 Thread 0x000001a5df472800 DEOPT PACKING pc=0x000001a5f264a0f8 sp=0x0000009c073fcf70
Event: 1.530 Thread 0x000001a5df472800 DEOPT UNPACKING pc=0x000001a5eab485af sp=0x0000009c073fcf10 mode 2
Event: 1.530 Thread 0x000001a5df472800 Uncommon trap: trap_request=0xffffff4d fr.pc=0x000001a5f264ca20 relative=0x0000000000000340
Event: 1.530 Thread 0x000001a5df472800 Uncommon trap: reason=unstable_if action=reinterpret pc=0x000001a5f264ca20 method=java.util.HashMap.getNode(ILjava/lang/Object;)Ljava/util/HashMap$Node; @ 129 c2
Event: 1.530 Thread 0x000001a5df472800 DEOPT PACKING pc=0x000001a5f264ca20 sp=0x0000009c073fadf0
Event: 1.530 Thread 0x000001a5df472800 DEOPT UNPACKING pc=0x000001a5eab485af sp=0x0000009c073fad00 mode 2
Event: 1.530 Thread 0x000001a5df472800 Uncommon trap: trap_request=0xffffff4d fr.pc=0x000001a5f264a0c4 relative=0x0000000000000d04
Event: 1.530 Thread 0x000001a5df472800 Uncommon trap: reason=unstable_if action=reinterpret pc=0x000001a5f264a0c4 method=java.util.HashMap.putVal(ILjava/lang/Object;Ljava/lang/Object;ZZ)Ljava/lang/Object; @ 181 c2
Event: 1.530 Thread 0x000001a5df472800 DEOPT PACKING pc=0x000001a5f264a0c4 sp=0x0000009c073fad10
Event: 1.530 Thread 0x000001a5df472800 DEOPT UNPACKING pc=0x000001a5eab485af sp=0x0000009c073facb0 mode 2
Event: 1.530 Thread 0x000001a5df472800 Uncommon trap: trap_request=0xffffff4d fr.pc=0x000001a5f264b3b0 relative=0x00000000000002d0
Event: 1.530 Thread 0x000001a5df472800 Uncommon trap: reason=unstable_if action=reinterpret pc=0x000001a5f264b3b0 method=java.util.HashMap.getNode(ILjava/lang/Object;)Ljava/util/HashMap$Node; @ 129 c2
Event: 1.530 Thread 0x000001a5df472800 DEOPT PACKING pc=0x000001a5f264b3b0 sp=0x0000009c073fad50
Event: 1.530 Thread 0x000001a5df472800 DEOPT UNPACKING pc=0x000001a5eab485af sp=0x0000009c073face8 mode 2

Classes redefined (0 events):
No events

Internal exceptions (19 events):
Event: 0.272 Thread 0x000001a5df472800 Exception <a 'java/lang/NoSuchMethodError'{0x000000070fe8bd30}: 'int java.lang.invoke.DirectMethodHandle$Holder.invokeStatic(java.lang.Object, java.lang.Object, java.lang.Object, java.lang.Object, java.lang.Object)'> (0x000000070fe8bd30) thrown at [./src/hotspot/share/interpreter/linkResolver.cpp, line 773]
Event: 0.475 Thread 0x000001a5df472800 Exception <a 'java/lang/NoSuchMethodError'{0x000000070fce5fc0}: 'int java.lang.invoke.DirectMethodHandle$Holder.invokeSpecialIFC(java.lang.Object, java.lang.Object, int)'> (0x000000070fce5fc0) thrown at [./src/hotspot/share/interpreter/linkResolver.cpp, line 773]
Event: 0.505 Thread 0x000001a5df472800 Exception <a 'java/lang/NullPointerException'{0x000000070fb50930}> (0x000000070fb50930) thrown at [./src/hotspot/share/interpreter/linkResolver.cpp, line 1358]
Event: 0.535 Thread 0x000001a5df472800 Exception <a 'java/lang/NullPointerException'{0x000000070fb81d00}> (0x000000070fb81d00) thrown at [./src/hotspot/share/interpreter/linkResolver.cpp, line 1358]
Event: 0.535 Thread 0x000001a5df472800 Exception <a 'java/lang/NullPointerException'{0x000000070fb81fd0}> (0x000000070fb81fd0) thrown at [./src/hotspot/share/interpreter/linkResolver.cpp, line 1358]
Event: 0.535 Thread 0x000001a5df472800 Exception <a 'java/lang/NullPointerException'{0x000000070fb822a0}> (0x000000070fb822a0) thrown at [./src/hotspot/share/interpreter/linkResolver.cpp, line 1358]
Event: 0.536 Thread 0x000001a5df472800 Exception <a 'java/lang/NullPointerException'{0x000000070fb88c08}> (0x000000070fb88c08) thrown at [./src/hotspot/share/interpreter/linkResolver.cpp, line 1358]
Event: 0.539 Thread 0x000001a5df472800 Exception <a 'java/lang/NullPointerException'{0x000000070fb9fda8}> (0x000000070fb9fda8) thrown at [./src/hotspot/share/interpreter/linkResolver.cpp, line 1358]
Event: 0.539 Thread 0x000001a5df472800 Exception <a 'java/lang/NullPointerException'{0x000000070fba0078}> (0x000000070fba0078) thrown at [./src/hotspot/share/interpreter/linkResolver.cpp, line 1358]
Event: 0.539 Thread 0x000001a5df472800 Exception <a 'java/lang/NullPointerException'{0x000000070fba0348}> (0x000000070fba0348) thrown at [./src/hotspot/share/interpreter/linkResolver.cpp, line 1358]
Event: 0.539 Thread 0x000001a5df472800 Exception <a 'java/lang/NullPointerException'{0x000000070fba0618}> (0x000000070fba0618) thrown at [./src/hotspot/share/interpreter/linkResolver.cpp, line 1358]
Event: 0.552 Thread 0x000001a5df472800 Exception <a 'sun/nio/fs/WindowsException'{0x000000070fbd1e00}> (0x000000070fbd1e00) thrown at [./src/hotspot/share/prims/jni.cpp, line 617]
Event: 0.553 Thread 0x000001a5df472800 Exception <a 'sun/nio/fs/WindowsException'{0x000000070fbd2528}> (0x000000070fbd2528) thrown at [./src/hotspot/share/prims/jni.cpp, line 617]
Event: 0.554 Thread 0x000001a5df472800 Exception <a 'sun/nio/fs/WindowsException'{0x000000070fbd2ab0}> (0x000000070fbd2ab0) thrown at [./src/hotspot/share/prims/jni.cpp, line 617]
Event: 0.554 Thread 0x000001a5df472800 Exception <a 'sun/nio/fs/WindowsException'{0x000000070fbd3010}> (0x000000070fbd3010) thrown at [./src/hotspot/share/prims/jni.cpp, line 617]
Event: 0.554 Thread 0x000001a5df472800 Exception <a 'sun/nio/fs/WindowsException'{0x000000070fbd34d8}> (0x000000070fbd34d8) thrown at [./src/hotspot/share/prims/jni.cpp, line 617]
Event: 0.702 Thread 0x000001a5df472800 Exception <a 'java/lang/NoSuchMethodError'{0x000000070f8a4230}: 'java.lang.Object java.lang.invoke.DirectMethodHandle$Holder.invokeSpecialIFC(java.lang.Object, java.lang.Object, java.lang.Object, java.lang.Object)'> (0x000000070f8a4230) thrown at [./src/hotspot/share/interpreter/linkResolver.cpp, line 773]
Event: 1.292 Thread 0x000001a5df472800 Exception <a 'java/lang/NoSuchMethodError'{0x000000070fa95de8}: 'int java.lang.invoke.DirectMethodHandle$Holder.invokeStaticInit(java.lang.Object, java.lang.Object)'> (0x000000070fa95de8) thrown at [./src/hotspot/share/interpreter/linkResolver.cpp, line 773]
Event: 1.306 Thread 0x000001a5df472800 Exception <a 'java/lang/NoClassDefFoundError'{0x000000070fad4290}: javax/enterprise/inject/Typed> (0x000000070fad4290) thrown at [./src/hotspot/share/classfile/systemDictionary.cpp, line 219]

Events (20 events):
Event: 1.609 Executing VM operation: RevokeBias
Event: 1.609 Executing VM operation: RevokeBias done
Event: 1.610 loading class org/apache/maven/cli/internal/BootstrapCoreExtensionManager
Event: 1.610 loading class org/apache/maven/cli/internal/BootstrapCoreExtensionManager done
Event: 1.612 loading class org/apache/maven/model/building/DefaultModelBuilder
Event: 1.612 loading class org/apache/maven/model/building/DefaultModelBuilder done
Event: 1.613 loading class org/apache/maven/model/building/ModelBuilder
Event: 1.613 loading class org/apache/maven/model/building/ModelBuilder done
Event: 1.615 loading class org/apache/maven/model/building/DefaultModelProcessor
Event: 1.615 loading class org/apache/maven/model/building/DefaultModelProcessor done
Event: 1.615 loading class org/apache/maven/model/building/ModelProcessor
Event: 1.615 loading class org/apache/maven/model/building/ModelProcessor done
Event: 1.616 loading class org/apache/maven/model/locator/ModelLocator
Event: 1.616 loading class org/apache/maven/model/locator/ModelLocator done
Event: 1.616 loading class org/apache/maven/model/io/ModelReader
Event: 1.616 loading class org/apache/maven/model/io/ModelReader done
Event: 1.620 loading class org/apache/maven/model/composition/DefaultDependencyManagementImporter
Event: 1.620 loading class org/apache/maven/model/composition/DefaultDependencyManagementImporter done
Event: 1.621 loading class org/apache/maven/model/composition/DependencyManagementImporter
Event: 1.621 loading class org/apache/maven/model/composition/DependencyManagementImporter done


Dynamic libraries:
0x00007ff7fc220000 - 0x00007ff7fc22d000 	C:\Program Files\OpenJDK\jdk-11.0.18.10-hotspot\bin\java.exe
0x000001a5df220000 - 0x000001a5df40e000 	C:\WINDOWS\SYSTEM32\ntd1l.dll
0x000001a5df0a0000 - 0x000001a5df153000 	C:\WINDOWS\System32\kern3l32.dll
0x00007ffdfcc80000 - 0x00007ffdfce6e000 	C:\WINDOWS\SYSTEM32\ntdll.dll
0x00007ffdfc490000 - 0x00007ffdfc543000 	C:\WINDOWS\System32\KERNEL32.DLL
0x00007ffdf92f0000 - 0x00007ffdf958d000 	C:\WINDOWS\System32\KERNELBASE.dll
0x00007ffdf88f0000 - 0x00007ffdf8b21000 	C:\Program Files\SentinelOne\Sentinel Agent 22.2.4.558\InProcessClient64.dll
0x00007ffdfa590000 - 0x00007ffdfa638000 	C:\WINDOWS\System32\ADVAPI32.dll
0x00007ffdfa130000 - 0x00007ffdfa1ce000 	C:\WINDOWS\System32\msvcrt.dll
0x00007ffdfa080000 - 0x00007ffdfa122000 	C:\WINDOWS\System32\sechost.dll
0x00007ffdfbce0000 - 0x00007ffdfbdfd000 	C:\WINDOWS\System32\RPCRT4.dll
0x00007ffdf95f0000 - 0x00007ffdf9616000 	C:\WINDOWS\System32\bcrypt.dll
0x00007ffdf8ef0000 - 0x00007ffdf8fea000 	C:\WINDOWS\System32\ucrtbase.dll
0x00007ffdc9380000 - 0x00007ffdc9395000 	C:\Program Files\OpenJDK\jdk-11.0.18.10-hotspot\bin\VCRUNTIME140.dll
0x00007ffdf3320000 - 0x00007ffdf3337000 	C:\Program Files\OpenJDK\jdk-11.0.18.10-hotspot\bin\jli.dll
0x00007ffdfa290000 - 0x00007ffdfa427000 	C:\WINDOWS\System32\USER32.dll
0x00007ffdd4c80000 - 0x00007ffdd4ef9000 	C:\WINDOWS\WinSxS\amd64_microsoft.windows.common-controls_6595b64144ccf1df_6.0.17763.5458_none_de7234b4534a7f0e\COMCTL32.dll
0x00007ffdf8ed0000 - 0x00007ffdf8ef0000 	C:\WINDOWS\System32\win32u.dll
0x00007ffdfc6a0000 - 0x00007ffdfc6c9000 	C:\WINDOWS\System32\GDI32.dll
0x00007ffdf8d20000 - 0x00007ffdf8eca000 	C:\WINDOWS\System32\gdi32full.dll
0x00007ffdf9620000 - 0x00007ffdf96c0000 	C:\WINDOWS\System32\msvcp_win.dll
0x00007ffdfc740000 - 0x00007ffdfca6b000 	C:\WINDOWS\System32\combase.dll
0x00007ffdf96c0000 - 0x00007ffdf9742000 	C:\WINDOWS\System32\bcryptPrimitives.dll
0x00007ffdf87e0000 - 0x00007ffdf87ea000 	C:\WINDOWS\SYSTEM32\VERSION.dll
0x00007ffdfcc20000 - 0x00007ffdfcc4e000 	C:\WINDOWS\System32\IMM32.DLL
0x00007ffdc9200000 - 0x00007ffdc929b000 	C:\Program Files\OpenJDK\jdk-11.0.18.10-hotspot\bin\msvcp140.dll
0x00007ffdc5210000 - 0x00007ffdc5d23000 	C:\Program Files\OpenJDK\jdk-11.0.18.10-hotspot\bin\server\jvm.dll
0x00007ffdfc730000 - 0x00007ffdfc738000 	C:\WINDOWS\System32\PSAPI.DLL
0x00007ffde2510000 - 0x00007ffde2519000 	C:\WINDOWS\SYSTEM32\WSOCK32.dll
0x00007ffdfa010000 - 0x00007ffdfa07d000 	C:\WINDOWS\System32\WS2_32.dll
0x00007ffdf1eb0000 - 0x00007ffdf1ed4000 	C:\WINDOWS\SYSTEM32\WINMM.dll
0x00007ffdf1d80000 - 0x00007ffdf1dad000 	C:\WINDOWS\SYSTEM32\WINMMBASE.dll
0x00007ffdf92a0000 - 0x00007ffdf92ea000 	C:\WINDOWS\System32\cfgmgr32.dll
0x00007ffdf8ce0000 - 0x00007ffdf8cf1000 	C:\WINDOWS\System32\kernel.appcore.dll
0x00007ffdf33d0000 - 0x00007ffdf33e0000 	C:\Program Files\OpenJDK\jdk-11.0.18.10-hotspot\bin\verify.dll
0x00007ffdf3cc0000 - 0x00007ffdf3ead000 	C:\WINDOWS\SYSTEM32\DBGHELP.DLL
0x00007ffdf3f00000 - 0x00007ffdf3f2a000 	C:\WINDOWS\SYSTEM32\dbgcore.DLL
0x00007ffdc91d0000 - 0x00007ffdc91f8000 	C:\Program Files\OpenJDK\jdk-11.0.18.10-hotspot\bin\java.dll
0x00007ffdd9a90000 - 0x00007ffdd9a9a000 	C:\Program Files\OpenJDK\jdk-11.0.18.10-hotspot\bin\jimage.dll
0x00007ffdc91b0000 - 0x00007ffdc91c8000 	C:\Program Files\OpenJDK\jdk-11.0.18.10-hotspot\bin\zip.dll
0x00007ffdfa760000 - 0x00007ffdfbc58000 	C:\WINDOWS\System32\SHELL32.dll
0x00007ffdfa1e0000 - 0x00007ffdfa287000 	C:\WINDOWS\System32\shcore.dll
0x00007ffdf9750000 - 0x00007ffdf9e97000 	C:\WINDOWS\System32\windows.storage.dll
0x00007ffdf8c50000 - 0x00007ffdf8c73000 	C:\WINDOWS\System32\profapi.dll
0x00007ffdf8c80000 - 0x00007ffdf8cdd000 	C:\WINDOWS\System32\powrprof.dll
0x00007ffdfcaf0000 - 0x00007ffdfcb42000 	C:\WINDOWS\System32\shlwapi.dll
0x00007ffdf8d00000 - 0x00007ffdf8d1b000 	C:\WINDOWS\System32\cryptsp.dll
0x00007ffdc51f0000 - 0x00007ffdc5209000 	C:\Program Files\OpenJDK\jdk-11.0.18.10-hotspot\bin\net.dll
0x00007ffdf4920000 - 0x00007ffdf4a1d000 	C:\WINDOWS\SYSTEM32\WINHTTP.dll
0x00007ffdf81d0000 - 0x00007ffdf8237000 	C:\WINDOWS\system32\mswsock.dll
0x00007ffdc51d0000 - 0x00007ffdc51e3000 	C:\Program Files\OpenJDK\jdk-11.0.18.10-hotspot\bin\nio.dll
0x0000000069ac0000 - 0x0000000069ae4000 	C:\Program Files\Maven\apache-maven-3.9.6\lib\jansi-native\Windows\x86_64\jansi.dll

dbghelp: loaded successfully - version: 4.0.5 - missing functions: none
symbol engine: initialized successfully - sym options: 0x614 - pdb path: .;C:\Program Files\OpenJDK\jdk-11.0.18.10-hotspot\bin;C:\WINDOWS\SYSTEM32;C:\Program Files\SentinelOne\Sentinel Agent 22.2.4.558;C:\WINDOWS\WinSxS\amd64_microsoft.windows.common-controls_6595b64144ccf1df_6.0.17763.5458_none_de7234b4534a7f0e;C:\Program Files\OpenJDK\jdk-11.0.18.10-hotspot\bin\server;C:\Program Files\Maven\apache-maven-3.9.6\lib\jansi-native\Windows\x86_64

VM Arguments:
jvm_args: -Dclassworlds.conf=C:\Program Files\Maven\apache-maven-3.9.6\bin\m2.conf -Dmaven.home=C:\Program Files\Maven\apache-maven-3.9.6 -Dlibrary.jansi.path=C:\Program Files\Maven\apache-maven-3.9.6\lib\jansi-native -Dmaven.multiModuleProjectDirectory=C:\Infinity23\Tomcat 9.0\webapps\ATAF_Demo 
java_command: org.codehaus.plexus.classworlds.launcher.Launcher clean install -Dcucumber.options=--tags @smoke
java_class_path (initial): C:\Program Files\Maven\apache-maven-3.9.6\boot\plexus-classworlds-2.7.0.jar
Launcher Type: SUN_STANDARD

[Global flags]
     intx CICompilerCount                          = 3                                         {product} {ergonomic}
     uint ConcGCThreads                            = 1                                         {product} {ergonomic}
     uint G1ConcRefinementThreads                  = 4                                         {product} {ergonomic}
   size_t G1HeapRegionSize                         = 1048576                                   {product} {ergonomic}
    uintx GCDrainStackTargetSize                   = 64                                        {product} {ergonomic}
   size_t InitialHeapSize                          = 268435456                                 {product} {ergonomic}
   size_t MarkStackSize                            = 4194304                                   {product} {ergonomic}
   size_t MaxHeapSize                              = 4294967296                                {product} {ergonomic}
   size_t MaxNewSize                               = 2576351232                                {product} {ergonomic}
   size_t MinHeapDeltaBytes                        = 1048576                                   {product} {ergonomic}
    uintx NonNMethodCodeHeapSize                   = 5830732                                {pd product} {ergonomic}
    uintx NonProfiledCodeHeapSize                  = 122913754                              {pd product} {ergonomic}
    uintx ProfiledCodeHeapSize                     = 122913754                              {pd product} {ergonomic}
    uintx ReservedCodeCacheSize                    = 251658240                              {pd product} {ergonomic}
     bool SegmentedCodeCache                       = true                                      {product} {ergonomic}
     bool UseCompressedClassPointers               = true                                 {lp64_product} {ergonomic}
     bool UseCompressedOops                        = true                                 {lp64_product} {ergonomic}
     bool UseG1GC                                  = true                                      {product} {ergonomic}
     bool UseLargePagesIndividualAllocation        = false                                  {pd product} {ergonomic}

Logging:
Log output configuration:
 #0: stdout all=warning uptime,level,tags
 #1: stderr all=off uptime,level,tags

Environment Variables:
JAVA_HOME=C:\Program Files\OpenJDK\jdk-11.0.18.10-hotspot
PATH=C:\Program Files\OpenJDK\jdk-11.0.18.10-hotspot\bin;C:\WINDOWS\system32;C:\WINDOWS;C:\WINDOWS\System32\Wbem;C:\WINDOWS\System32\WindowsPowerShell\v1.0\;C:\WINDOWS\System32\OpenSSH\;"C:\Windows\System32\wbem\;%PATH%;";C:\Program Files\OpenJDK\jdk-11.0.18.10-hotspot\bin;C:\Program Files\Maven\apache-maven-3.9.6\bin;C:\Users\it.admin\AppData\Local\Microsoft\WindowsApps;
USERNAME=it.admin
OS=Windows_NT
PROCESSOR_IDENTIFIER=Intel64 Family 6 Model 85 Stepping 7, GenuineIntel
TMP=C:\Users\ITD951~1.ADM\AppData\Local\Temp\2
TEMP=C:\Users\ITD951~1.ADM\AppData\Local\Temp\2



---------------  S Y S T E M  ---------------

OS: Windows Server 2019 , 64 bit Build 17763 (10.0.17763.4974)
OS uptime: 13 days 5:03 hours
Hyper-V virtualization detected

CPU:total 4 (initial active 4) (4 cores per cpu, 1 threads per core) family 6 model 85 stepping 7 microcode 0xffffffff, cmov, cx8, fxsr, mmx, sse, sse2, sse3, ssse3, sse4.1, sse4.2, popcnt, avx, avx2, aes, clmul, erms, rtm, 3dnowpref, lzcnt, tsc, bmi1, bmi2, adx, evex, fma

Memory: 4k page, system-wide physical 16383M (1005M free)
TotalPageFile size 20479M (AvailPageFile size 2M)
current process WorkingSet (physical memory assigned to process): 92M, peak: 92M
current process commit charge ("private bytes"): 358M, peak: 358M

vm_info: OpenJDK 64-Bit Server VM (11.0.18+10-adhoc..jdk11u) for windows-amd64 JRE (11.0.18+10-adhoc..jdk11u), built on Jan 18 2023 07:40:41 by "" with MS VC++ 15.9 (VS2017)

END.
