#
# There is insufficient memory for the Java Runtime Environment to continue.
# Native memory allocation (mmap) failed to map 268435456 bytes for Failed to commit area from 0x0000000700000000 to 0x0000000710000000 of length 268435456.
# Possible reasons:
#   The system is out of physical RAM or swap space
#   The process is running with CompressedOops enabled, and the Java Heap may be blocking the growth of the native heap
# Possible solutions:
#   Reduce memory load on the system
#   Increase physical memory or swap space
#   Check if swap backing store is full
#   Decrease Java heap size (-Xmx/-Xms)
#   Decrease number of Java threads
#   Decrease Java thread stack sizes (-Xss)
#   Set larger code cache with -XX:ReservedCodeCacheSize=
# This output file may be truncated or incomplete.
#
#  Out of Memory Error (./src/hotspot/os/windows/os_windows.cpp:3386), pid=10568, tid=16044
#
# JRE version:  (11.0.18+10) (build )
# Java VM: OpenJDK 64-Bit Server VM (11.0.18+10-adhoc..jdk11u, mixed mode, sharing, tiered, compressed oops, g1 gc, windows-amd64)
# Core dump will be written. Default location: C:\Infinity23\Tomcat 9.0\webapps\ATAF_Demo\hs_err_pid10568.mdmp
#

---------------  S U M M A R Y ------------

Command Line: -Dclassworlds.conf=C:\Program Files\Maven\apache-maven-3.9.6\bin\m2.conf -Dmaven.home=C:\Program Files\Maven\apache-maven-3.9.6 -Dlibrary.jansi.path=C:\Program Files\Maven\apache-maven-3.9.6\lib\jansi-native -Dmaven.multiModuleProjectDirectory=C:\Infinity23\Tomcat 9.0\webapps\ATAF_Demo org.codehaus.plexus.classworlds.launcher.Launcher clean install -Dcucumber.options=--tags @smoke

Host: Intel(R) Xeon(R) Platinum 8272CL CPU @ 2.60GHz, 4 cores, 15G,  Windows Server 2019 , 64 bit Build 17763 (10.0.17763.4974)
Time: Wed Mar 13 12:03:04 2024 India Standard Time elapsed time: 0.016987 seconds (0d 0h 0m 0s)

---------------  T H R E A D  ---------------

Current thread (0x000001fec9064000):  JavaThread "Unknown thread" [_thread_in_vm, id=16044, stack(0x000000e4f6a00000,0x000000e4f6b00000)]

Stack: [0x000000e4f6a00000,0x000000e4f6b00000]
Native frames: (J=compiled Java code, j=interpreted, Vv=VM code, C=native code)
V  [jvm.dll+0x61e0ba]
V  [jvm.dll+0x75b0b9]
V  [jvm.dll+0x75c7a8]
V  [jvm.dll+0x75ce83]
V  [jvm.dll+0x24de78]
V  [jvm.dll+0x61b3ca]
V  [jvm.dll+0x60f985]
V  [jvm.dll+0x307a5c]
V  [jvm.dll+0x3078e2]
V  [jvm.dll+0x30c5f6]
V  [jvm.dll+0x3526df]
V  [jvm.dll+0x352110]
V  [jvm.dll+0x2e4af8]
V  [jvm.dll+0x2e5c56]
V  [jvm.dll+0x735097]
V  [jvm.dll+0x73681f]
V  [jvm.dll+0x35f439]
V  [jvm.dll+0x718000]
V  [jvm.dll+0x3cdc9f]
V  [jvm.dll+0x3cfe51]
C  [jli.dll+0x5207]
C  [ucrtbase.dll+0x2268a]
C  [KERNEL32.DLL+0x17ac4]
C  [ntdll.dll+0x5a4e1]


---------------  P R O C E S S  ---------------

Threads class SMR info:
_java_thread_list=0x000001fec676c9e0, length=0, elements={
}

Java Threads: ( => current thread )

Other Threads:
  0x000001fec907a000 GCTaskThread "GC Thread#0" [stack: 0x000000e4f6b00000,0x000000e4f6c00000] [id=11956]
  0x000001fec90dd000 ConcurrentGCThread "G1 Main Marker" [stack: 0x000000e4f6c00000,0x000000e4f6d00000] [id=15708]
  0x000001fec90e0000 ConcurrentGCThread "G1 Conc#0" [stack: 0x000000e4f6d00000,0x000000e4f6e00000] [id=11784]

[error occurred during error reporting (printing all threads), id 0xc0000005, EXCEPTION_ACCESS_VIOLATION (0xc0000005) at pc=0x00007ffdc55042c7]

VM state:not at safepoint (not fully initialized)

VM Mutex/Monitor currently owned by a thread:  ([mutex/lock_event])
[0x000001fec90611c0] Heap_lock - owner thread: 0x000001fec9064000

Heap address: 0x0000000700000000, size: 4096 MB, Compressed Oops mode: Non-zero based: 0x0000000700000000
Narrow klass base: 0x0000000000000000, Narrow klass shift: 0

GC Heap History (0 events):
No events

Deoptimization events (0 events):
No events

Classes redefined (0 events):
No events

Internal exceptions (0 events):
No events

Events (1 events):
Event: 0.010 Loaded shared library C:\Program Files\OpenJDK\jdk-11.0.18.10-hotspot\bin\zip.dll


Dynamic libraries:
0x00007ff7fc220000 - 0x00007ff7fc22d000 	C:\Program Files\OpenJDK\jdk-11.0.18.10-hotspot\bin\java.exe
0x000001fec69a0000 - 0x000001fec6b8e000 	C:\WINDOWS\SYSTEM32\ntd1l.dll
0x000001fec6b90000 - 0x000001fec6c43000 	C:\WINDOWS\System32\kern3l32.dll
0x00007ffdfcc80000 - 0x00007ffdfce6e000 	C:\WINDOWS\SYSTEM32\ntdll.dll
0x00007ffdfc490000 - 0x00007ffdfc543000 	C:\WINDOWS\System32\KERNEL32.DLL
0x00007ffdf92f0000 - 0x00007ffdf958d000 	C:\WINDOWS\System32\KERNELBASE.dll
0x00007ffdf88f0000 - 0x00007ffdf8b21000 	C:\Program Files\SentinelOne\Sentinel Agent 22.2.4.558\InProcessClient64.dll
0x00007ffdfa590000 - 0x00007ffdfa638000 	C:\WINDOWS\System32\ADVAPI32.dll
0x00007ffdfa130000 - 0x00007ffdfa1ce000 	C:\WINDOWS\System32\msvcrt.dll
0x00007ffdfa080000 - 0x00007ffdfa122000 	C:\WINDOWS\System32\sechost.dll
0x00007ffdfbce0000 - 0x00007ffdfbdfd000 	C:\WINDOWS\System32\RPCRT4.dll
0x00007ffdf95f0000 - 0x00007ffdf9616000 	C:\WINDOWS\System32\bcrypt.dll
0x00007ffdf8ef0000 - 0x00007ffdf8fea000 	C:\WINDOWS\System32\ucrtbase.dll
0x00007ffdf3320000 - 0x00007ffdf3337000 	C:\Program Files\OpenJDK\jdk-11.0.18.10-hotspot\bin\jli.dll
0x00007ffdc9380000 - 0x00007ffdc9395000 	C:\Program Files\OpenJDK\jdk-11.0.18.10-hotspot\bin\VCRUNTIME140.dll
0x00007ffdfa290000 - 0x00007ffdfa427000 	C:\WINDOWS\System32\USER32.dll
0x00007ffdd4c80000 - 0x00007ffdd4ef9000 	C:\WINDOWS\WinSxS\amd64_microsoft.windows.common-controls_6595b64144ccf1df_6.0.17763.5458_none_de7234b4534a7f0e\COMCTL32.dll
0x00007ffdf8ed0000 - 0x00007ffdf8ef0000 	C:\WINDOWS\System32\win32u.dll
0x00007ffdfc6a0000 - 0x00007ffdfc6c9000 	C:\WINDOWS\System32\GDI32.dll
0x00007ffdfc740000 - 0x00007ffdfca6b000 	C:\WINDOWS\System32\combase.dll
0x00007ffdf8d20000 - 0x00007ffdf8eca000 	C:\WINDOWS\System32\gdi32full.dll
0x00007ffdf96c0000 - 0x00007ffdf9742000 	C:\WINDOWS\System32\bcryptPrimitives.dll
0x00007ffdf9620000 - 0x00007ffdf96c0000 	C:\WINDOWS\System32\msvcp_win.dll
0x00007ffdf87e0000 - 0x00007ffdf87ea000 	C:\WINDOWS\SYSTEM32\VERSION.dll
0x00007ffdfcc20000 - 0x00007ffdfcc4e000 	C:\WINDOWS\System32\IMM32.DLL
0x00007ffdc9200000 - 0x00007ffdc929b000 	C:\Program Files\OpenJDK\jdk-11.0.18.10-hotspot\bin\msvcp140.dll
0x00007ffdc5210000 - 0x00007ffdc5d23000 	C:\Program Files\OpenJDK\jdk-11.0.18.10-hotspot\bin\server\jvm.dll
0x00007ffdfc730000 - 0x00007ffdfc738000 	C:\WINDOWS\System32\PSAPI.DLL
0x00007ffde2510000 - 0x00007ffde2519000 	C:\WINDOWS\SYSTEM32\WSOCK32.dll
0x00007ffdfa010000 - 0x00007ffdfa07d000 	C:\WINDOWS\System32\WS2_32.dll
0x00007ffdf1eb0000 - 0x00007ffdf1ed4000 	C:\WINDOWS\SYSTEM32\WINMM.dll
0x00007ffdf1d80000 - 0x00007ffdf1dad000 	C:\WINDOWS\SYSTEM32\WINMMBASE.dll
0x00007ffdf92a0000 - 0x00007ffdf92ea000 	C:\WINDOWS\System32\cfgmgr32.dll
0x00007ffdf8ce0000 - 0x00007ffdf8cf1000 	C:\WINDOWS\System32\kernel.appcore.dll
0x00007ffdf33d0000 - 0x00007ffdf33e0000 	C:\Program Files\OpenJDK\jdk-11.0.18.10-hotspot\bin\verify.dll
0x00007ffdf3cc0000 - 0x00007ffdf3ead000 	C:\WINDOWS\SYSTEM32\DBGHELP.DLL
0x00007ffdf3f00000 - 0x00007ffdf3f2a000 	C:\WINDOWS\SYSTEM32\dbgcore.DLL
0x00007ffdc91d0000 - 0x00007ffdc91f8000 	C:\Program Files\OpenJDK\jdk-11.0.18.10-hotspot\bin\java.dll
0x00007ffdd9a90000 - 0x00007ffdd9a9a000 	C:\Program Files\OpenJDK\jdk-11.0.18.10-hotspot\bin\jimage.dll
0x00007ffdc91b0000 - 0x00007ffdc91c8000 	C:\Program Files\OpenJDK\jdk-11.0.18.10-hotspot\bin\zip.dll

dbghelp: loaded successfully - version: 4.0.5 - missing functions: none
symbol engine: initialized successfully - sym options: 0x614 - pdb path: .;C:\Program Files\OpenJDK\jdk-11.0.18.10-hotspot\bin;C:\WINDOWS\SYSTEM32;C:\Program Files\SentinelOne\Sentinel Agent 22.2.4.558;C:\WINDOWS\WinSxS\amd64_microsoft.windows.common-controls_6595b64144ccf1df_6.0.17763.5458_none_de7234b4534a7f0e;C:\Program Files\OpenJDK\jdk-11.0.18.10-hotspot\bin\server

VM Arguments:
jvm_args: -Dclassworlds.conf=C:\Program Files\Maven\apache-maven-3.9.6\bin\m2.conf -Dmaven.home=C:\Program Files\Maven\apache-maven-3.9.6 -Dlibrary.jansi.path=C:\Program Files\Maven\apache-maven-3.9.6\lib\jansi-native -Dmaven.multiModuleProjectDirectory=C:\Infinity23\Tomcat 9.0\webapps\ATAF_Demo 
java_command: org.codehaus.plexus.classworlds.launcher.Launcher clean install -Dcucumber.options=--tags @smoke
java_class_path (initial): C:\Program Files\Maven\apache-maven-3.9.6\boot\plexus-classworlds-2.7.0.jar
Launcher Type: SUN_STANDARD

[Global flags]
     intx CICompilerCount                          = 3                                         {product} {ergonomic}
     uint ConcGCThreads                            = 1                                         {product} {ergonomic}
     uint G1ConcRefinementThreads                  = 4                                         {product} {ergonomic}
   size_t G1HeapRegionSize                         = 1048576                                   {product} {ergonomic}
    uintx GCDrainStackTargetSize                   = 64                                        {product} {ergonomic}
   size_t InitialHeapSize                          = 268435456                                 {product} {ergonomic}
   size_t MarkStackSize                            = 4194304                                   {product} {ergonomic}
   size_t MaxHeapSize                              = 4294967296                                {product} {ergonomic}
   size_t MinHeapDeltaBytes                        = 1048576                                   {product} {ergonomic}
    uintx NonNMethodCodeHeapSize                   = 5830732                                {pd product} {ergonomic}
    uintx NonProfiledCodeHeapSize                  = 122913754                              {pd product} {ergonomic}
    uintx ProfiledCodeHeapSize                     = 122913754                              {pd product} {ergonomic}
    uintx ReservedCodeCacheSize                    = 251658240                              {pd product} {ergonomic}
     bool SegmentedCodeCache                       = true                                      {product} {ergonomic}
     bool UseCompressedClassPointers               = true                                 {lp64_product} {ergonomic}
     bool UseCompressedOops                        = true                                 {lp64_product} {ergonomic}
     bool UseG1GC                                  = true                                      {product} {ergonomic}
     bool UseLargePagesIndividualAllocation        = false                                  {pd product} {ergonomic}

Logging:
Log output configuration:
 #0: stdout all=warning uptime,level,tags
 #1: stderr all=off uptime,level,tags

Environment Variables:
JAVA_HOME=C:\Program Files\OpenJDK\jdk-11.0.18.10-hotspot
PATH=C:\Program Files\OpenJDK\jdk-11.0.18.10-hotspot\bin;C:\WINDOWS\system32;C:\WINDOWS;C:\WINDOWS\System32\Wbem;C:\WINDOWS\System32\WindowsPowerShell\v1.0\;C:\WINDOWS\System32\OpenSSH\;"C:\Windows\System32\wbem\;%PATH%;";C:\Program Files\OpenJDK\jdk-11.0.18.10-hotspot\bin;C:\Program Files\Maven\apache-maven-3.9.6\bin;C:\Users\it.admin\AppData\Local\Microsoft\WindowsApps;
USERNAME=it.admin
OS=Windows_NT
PROCESSOR_IDENTIFIER=Intel64 Family 6 Model 85 Stepping 7, GenuineIntel
TMP=C:\Users\ITD951~1.ADM\AppData\Local\Temp\2
TEMP=C:\Users\ITD951~1.ADM\AppData\Local\Temp\2



---------------  S Y S T E M  ---------------

OS: Windows Server 2019 , 64 bit Build 17763 (10.0.17763.4974)
OS uptime: 17 days 21:10 hours
Hyper-V virtualization detected

CPU:total 4 (initial active 4) (4 cores per cpu, 1 threads per core) family 6 model 85 stepping 7 microcode 0xffffffff, cmov, cx8, fxsr, mmx, sse, sse2, sse3, ssse3, sse4.1, sse4.2, popcnt, avx, avx2, aes, clmul, erms, rtm, 3dnowpref, lzcnt, tsc, bmi1, bmi2, adx, evex, fma

Memory: 4k page, system-wide physical 16383M (606M free)
TotalPageFile size 20479M (AvailPageFile size 25M)
current process WorkingSet (physical memory assigned to process): 17M, peak: 17M
current process commit charge ("private bytes"): 55M, peak: 311M

vm_info: OpenJDK 64-Bit Server VM (11.0.18+10-adhoc..jdk11u) for windows-amd64 JRE (11.0.18+10-adhoc..jdk11u), built on Jan 18 2023 07:40:41 by "" with MS VC++ 15.9 (VS2017)

END.
